<?xml version="1.0" encoding="UTF-8"?>
<!-- Generated by org.testng.reporters.JUnitReportReporter -->
<testsuite hostname="SLL000038" failures="0" tests="13" name="com.api.Runner.RunCukesTest" time="36.739" errors="0" timestamp="31 May 2021 05:48:09 GMT" skipped="0">
  <testcase classname="com.api.Runner.RunCukesTest" name="runScenario" time="1.964"/>
  <testcase classname="com.api.Runner.RunCukesTest" name="runScenario" time="6.810"/>
  <testcase classname="com.api.Runner.RunCukesTest" name="runScenario" time="3.114"/>
  <testcase classname="com.api.Runner.RunCukesTest" name="runScenario" time="3.889"/>
  <testcase classname="com.api.Runner.RunCukesTest" name="runScenario" time="3.527"/>
  <testcase classname="com.api.Runner.RunCukesTest" name="runScenario" time="1.932"/>
  <testcase classname="com.api.Runner.RunCukesTest" name="runScenario" time="1.849"/>
  <testcase classname="com.api.Runner.RunCukesTest" name="runScenario" time="4.008"/>
  <testcase classname="com.api.Runner.RunCukesTest" name="runScenario" time="1.867"/>
  <testcase classname="com.api.Runner.RunCukesTest" name="runScenario" time="1.821"/>
  <testcase classname="com.api.Runner.RunCukesTest" name="runScenario" time="1.852"/>
  <testcase classname="com.api.Runner.RunCukesTest" name="runScenario" time="1.826"/>
  <testcase classname="com.api.Runner.RunCukesTest" name="runScenario" time="2.280"/>
</testsuite> <!-- com.api.Runner.RunCukesTest -->
